2021-09-16 01:06:11.842 INFO  com.jiawa.wiki.config.WikiApplication             :55   [32m                  [0;39m Starting WikiApplication using Java 1.8.0_162 on LAPTOP-0SOBOL5D with PID 36988 (D:\Soft\javaStudy\wiki12\target\classes started by apple in D:\Soft\javaStudy\wiki12)
2021-09-16 01:06:11.844 INFO  com.jiawa.wiki.config.WikiApplication             :664  [32m                  [0;39m No active profile set, falling back to default profiles: default
2021-09-16 01:06:12.225 INFO  o.s.boot.web.embedded.tomcat.TomcatWebServer      :108  [32m                  [0;39m Tomcat initialized with port(s): 8880 (http)
2021-09-16 01:06:12.226 INFO  org.apache.coyote.http11.Http11NioProtocol        :173  [32m                  [0;39m Initializing ProtocolHandler ["http-nio-8880"]
2021-09-16 01:06:12.237 INFO  org.apache.catalina.core.StandardService          :173  [32m                  [0;39m Starting service [Tomcat]
2021-09-16 01:06:12.237 INFO  org.apache.catalina.core.StandardEngine           :173  [32m                  [0;39m Starting Servlet engine: [Apache Tomcat/9.0.52]
2021-09-16 01:06:12.253 INFO  o.a.c.core.ContainerBase.[Tomcat].[localhost].[/] :173  [32m                  [0;39m Initializing Spring embedded WebApplicationContext
2021-09-16 01:06:12.253 INFO  o.s.b.w.s.c.ServletWebServerApplicationContext    :289  [32m                  [0;39m Root WebApplicationContext: initialization completed in 403 ms
2021-09-16 01:06:12.544 INFO  o.s.b.d.autoconfigure.OptionalLiveReloadServer    :58   [32m                  [0;39m LiveReload server is running on port 35729
2021-09-16 01:06:12.559 INFO  org.apache.coyote.http11.Http11NioProtocol        :173  [32m                  [0;39m Starting ProtocolHandler ["http-nio-8880"]
2021-09-16 01:06:12.561 INFO  o.s.boot.web.embedded.tomcat.TomcatWebServer      :220  [32m                  [0;39m Tomcat started on port(s): 8880 (http) with context path ''
2021-09-16 01:06:12.566 INFO  com.jiawa.wiki.config.WikiApplication             :61   [32m                  [0;39m Started WikiApplication in 0.778 seconds (JVM running for 22685.577)
2021-09-16 01:06:12.568 INFO  o.s.b.d.a.ConditionEvaluationDeltaLoggingListener :63   [32m                  [0;39m Condition evaluation unchanged
2021-09-16 01:06:12.569 INFO  com.jiawa.wiki.config.WikiApplication             :22   [32m                  [0;39m 启动成功！！
2021-09-16 01:06:12.569 INFO  com.jiawa.wiki.config.WikiApplication             :23   [32m                  [0;39m 地址：	http://127.0.0.1:8880
2021-09-16 01:19:28.869 INFO  com.jiawa.wiki.config.WikiApplication             :55   [32m                  [0;39m Starting WikiApplication using Java 1.8.0_162 on LAPTOP-0SOBOL5D with PID 36988 (D:\Soft\javaStudy\wiki12\target\classes started by apple in D:\Soft\javaStudy\wiki12)
2021-09-16 01:19:28.870 INFO  com.jiawa.wiki.config.WikiApplication             :664  [32m                  [0;39m No active profile set, falling back to default profiles: default
2021-09-16 01:19:29.202 INFO  o.s.boot.web.embedded.tomcat.TomcatWebServer      :108  [32m                  [0;39m Tomcat initialized with port(s): 8880 (http)
2021-09-16 01:19:29.203 INFO  org.apache.coyote.http11.Http11NioProtocol        :173  [32m                  [0;39m Initializing ProtocolHandler ["http-nio-8880"]
2021-09-16 01:19:29.203 INFO  org.apache.catalina.core.StandardService          :173  [32m                  [0;39m Starting service [Tomcat]
2021-09-16 01:19:29.203 INFO  org.apache.catalina.core.StandardEngine           :173  [32m                  [0;39m Starting Servlet engine: [Apache Tomcat/9.0.52]
2021-09-16 01:19:29.224 INFO  o.a.c.core.ContainerBase.[Tomcat].[localhost].[/] :173  [32m                  [0;39m Initializing Spring embedded WebApplicationContext
2021-09-16 01:19:29.224 INFO  o.s.b.w.s.c.ServletWebServerApplicationContext    :289  [32m                  [0;39m Root WebApplicationContext: initialization completed in 350 ms
2021-09-16 01:19:29.422 INFO  o.s.b.d.autoconfigure.OptionalLiveReloadServer    :58   [32m                  [0;39m LiveReload server is running on port 35729
2021-09-16 01:19:29.433 INFO  org.apache.coyote.http11.Http11NioProtocol        :173  [32m                  [0;39m Starting ProtocolHandler ["http-nio-8880"]
2021-09-16 01:19:29.436 INFO  o.s.boot.web.embedded.tomcat.TomcatWebServer      :220  [32m                  [0;39m Tomcat started on port(s): 8880 (http) with context path ''
2021-09-16 01:19:29.441 INFO  com.jiawa.wiki.config.WikiApplication             :61   [32m                  [0;39m Started WikiApplication in 0.611 seconds (JVM running for 23482.453)
2021-09-16 01:19:29.443 INFO  o.s.b.d.a.ConditionEvaluationDeltaLoggingListener :63   [32m                  [0;39m Condition evaluation unchanged
2021-09-16 01:19:29.443 INFO  com.jiawa.wiki.config.WikiApplication             :22   [32m                  [0;39m 启动成功！！
2021-09-16 01:19:29.444 INFO  com.jiawa.wiki.config.WikiApplication             :23   [32m                  [0;39m 地址：	http://127.0.0.1:8880
2021-09-16 01:19:44.819 INFO  com.jiawa.wiki.config.WikiApplication             :55   [32m                  [0;39m Starting WikiApplication using Java 1.8.0_162 on LAPTOP-0SOBOL5D with PID 36988 (D:\Soft\javaStudy\wiki12\target\classes started by apple in D:\Soft\javaStudy\wiki12)
2021-09-16 01:19:44.820 INFO  com.jiawa.wiki.config.WikiApplication             :664  [32m                  [0;39m No active profile set, falling back to default profiles: default
2021-09-16 01:19:45.095 INFO  o.s.boot.web.embedded.tomcat.TomcatWebServer      :108  [32m                  [0;39m Tomcat initialized with port(s): 8880 (http)
2021-09-16 01:19:45.096 INFO  org.apache.coyote.http11.Http11NioProtocol        :173  [32m                  [0;39m Initializing ProtocolHandler ["http-nio-8880"]
2021-09-16 01:19:45.096 INFO  org.apache.catalina.core.StandardService          :173  [32m                  [0;39m Starting service [Tomcat]
2021-09-16 01:19:45.096 INFO  org.apache.catalina.core.StandardEngine           :173  [32m                  [0;39m Starting Servlet engine: [Apache Tomcat/9.0.52]
2021-09-16 01:19:45.112 INFO  o.a.c.core.ContainerBase.[Tomcat].[localhost].[/] :173  [32m                  [0;39m Initializing Spring embedded WebApplicationContext
2021-09-16 01:19:45.112 INFO  o.s.b.w.s.c.ServletWebServerApplicationContext    :289  [32m                  [0;39m Root WebApplicationContext: initialization completed in 288 ms
2021-09-16 01:19:45.282 INFO  o.s.b.d.autoconfigure.OptionalLiveReloadServer    :58   [32m                  [0;39m LiveReload server is running on port 35729
2021-09-16 01:19:45.293 INFO  org.apache.coyote.http11.Http11NioProtocol        :173  [32m                  [0;39m Starting ProtocolHandler ["http-nio-8880"]
2021-09-16 01:19:45.295 INFO  o.s.boot.web.embedded.tomcat.TomcatWebServer      :220  [32m                  [0;39m Tomcat started on port(s): 8880 (http) with context path ''
2021-09-16 01:19:45.300 INFO  com.jiawa.wiki.config.WikiApplication             :61   [32m                  [0;39m Started WikiApplication in 0.518 seconds (JVM running for 23498.312)
2021-09-16 01:19:45.301 INFO  o.s.b.d.a.ConditionEvaluationDeltaLoggingListener :63   [32m                  [0;39m Condition evaluation unchanged
2021-09-16 01:19:45.302 INFO  com.jiawa.wiki.config.WikiApplication             :22   [32m                  [0;39m 启动成功！！
2021-09-16 01:19:45.303 INFO  com.jiawa.wiki.config.WikiApplication             :23   [32m                  [0;39m 地址：	http://127.0.0.1:8880
2021-09-16 01:19:47.126 INFO  com.jiawa.wiki.config.WikiApplication             :55   [32m                  [0;39m Starting WikiApplication using Java 1.8.0_162 on LAPTOP-0SOBOL5D with PID 36988 (D:\Soft\javaStudy\wiki12\target\classes started by apple in D:\Soft\javaStudy\wiki12)
2021-09-16 01:19:47.126 INFO  com.jiawa.wiki.config.WikiApplication             :664  [32m                  [0;39m No active profile set, falling back to default profiles: default
2021-09-16 01:19:47.318 INFO  o.s.boot.web.embedded.tomcat.TomcatWebServer      :108  [32m                  [0;39m Tomcat initialized with port(s): 8880 (http)
2021-09-16 01:19:47.319 INFO  org.apache.coyote.http11.Http11NioProtocol        :173  [32m                  [0;39m Initializing ProtocolHandler ["http-nio-8880"]
2021-09-16 01:19:47.319 INFO  org.apache.catalina.core.StandardService          :173  [32m                  [0;39m Starting service [Tomcat]
2021-09-16 01:19:47.319 INFO  org.apache.catalina.core.StandardEngine           :173  [32m                  [0;39m Starting Servlet engine: [Apache Tomcat/9.0.52]
2021-09-16 01:19:47.333 INFO  o.a.c.core.ContainerBase.[Tomcat].[localhost].[/] :173  [32m                  [0;39m Initializing Spring embedded WebApplicationContext
2021-09-16 01:19:47.333 INFO  o.s.b.w.s.c.ServletWebServerApplicationContext    :289  [32m                  [0;39m Root WebApplicationContext: initialization completed in 205 ms
2021-09-16 01:19:47.475 INFO  o.s.b.d.autoconfigure.OptionalLiveReloadServer    :58   [32m                  [0;39m LiveReload server is running on port 35729
2021-09-16 01:19:47.482 INFO  org.apache.coyote.http11.Http11NioProtocol        :173  [32m                  [0;39m Starting ProtocolHandler ["http-nio-8880"]
2021-09-16 01:19:47.484 INFO  o.s.boot.web.embedded.tomcat.TomcatWebServer      :220  [32m                  [0;39m Tomcat started on port(s): 8880 (http) with context path ''
2021-09-16 01:19:47.488 INFO  com.jiawa.wiki.config.WikiApplication             :61   [32m                  [0;39m Started WikiApplication in 0.39 seconds (JVM running for 23500.5)
2021-09-16 01:19:47.490 INFO  o.s.b.d.a.ConditionEvaluationDeltaLoggingListener :63   [32m                  [0;39m Condition evaluation unchanged
2021-09-16 01:19:47.491 INFO  com.jiawa.wiki.config.WikiApplication             :22   [32m                  [0;39m 启动成功！！
2021-09-16 01:19:47.491 INFO  com.jiawa.wiki.config.WikiApplication             :23   [32m                  [0;39m 地址：	http://127.0.0.1:8880
2021-09-16 01:20:30.412 INFO  o.a.c.core.ContainerBase.[Tomcat].[localhost].[/] :173  [32m                  [0;39m Initializing Spring DispatcherServlet 'dispatcherServlet'
2021-09-16 01:20:30.413 INFO  org.springframework.web.servlet.DispatcherServlet :525  [32m                  [0;39m Initializing Servlet 'dispatcherServlet'
2021-09-16 01:20:30.416 INFO  org.springframework.web.servlet.DispatcherServlet :547  [32m                  [0;39m Completed initialization in 3 ms
2021-09-16 01:20:30.500 INFO  com.zaxxer.hikari.HikariDataSource                :110  [32m                  [0;39m HikariPool-1 - Starting...
2021-09-16 01:20:31.124 INFO  com.zaxxer.hikari.HikariDataSource                :123  [32m                  [0;39m HikariPool-1 - Start completed.
